<html>
<head>
<title>TestNG:  Surefire test</title>
<link href="../testng.css" rel="stylesheet" type="text/css" />
<link href="../my-testng.css" rel="stylesheet" type="text/css" />

<style type="text/css">
.log { display: none;} 
.stack-trace { display: none;} 
</style>
<script type="text/javascript">
<!--
function flip(e) {
  current = e.style.display;
  if (current == 'block') {
    e.style.display = 'none';
    return 0;
  }
  else {
    e.style.display = 'block';
    return 1;
  }
}

function toggleBox(szDivId, elem, msg1, msg2)
{
  var res = -1;  if (document.getElementById) {
    res = flip(document.getElementById(szDivId));
  }
  else if (document.all) {
    // this is the way old msie versions work
    res = flip(document.all[szDivId]);
  }
  if(elem) {
    if(res == 0) elem.innerHTML = msg1; else elem.innerHTML = msg2;
  }

}

function toggleAllBoxes() {
  if (document.getElementsByTagName) {
    d = document.getElementsByTagName('div');
    for (i = 0; i < d.length; i++) {
      if (d[i].className == 'log') {
        flip(d[i]);
      }
    }
  }
}

// -->
</script>

</head>
<body>
<h2 align='center'>Surefire test</h2><table border='1' align="center">
<tr>
<td>Tests passed/Failed/Skipped:</td><td>13/1/0</td>
</tr><tr>
<td>Started on:</td><td>Tue Aug 10 21:43:47 IST 2021</td>
</tr>
<tr><td>Total time:</td><td>26 seconds (26985 ms)</td>
</tr><tr>
<td>Included groups:</td><td></td>
</tr><tr>
<td>Excluded groups:</td><td></td>
</tr>
</table><p/>
<small><i>(Hover the method name to see the test class name)</i></small><p/>
<table width='100%' border='1' class='invocation-failed'>
<tr><td colspan='4' align='center'><b>FAILED TESTS</b></td></tr>
<tr><td><b>Test method</b></td>
<td width="30%"><b>Exception</b></td>
<td width="10%"><b>Time (seconds)</b></td>
<td><b>Instance</b></td>
</tr>
<tr>
<td title='cucumberRunner.TestNGRunner.runScenario()'><b>runScenario</b><br>Test class: cucumberRunner.TestNGRunner<br>Test method: Runs Cucumber Scenarios<br>Parameters: "Search for items and then move to checkout page", "Optional[Search and place order of vegitables]"</td>
<td><div><pre>org.openqa.selenium.WebDriverException: chrome not reachable
  (Session info: chrome=92.0.4515.131)
Build info: version: &apos;3.141.59&apos;, revision: &apos;e82be7d358&apos;, time: &apos;2018-11-14T08:17:03&apos;
System info: host: &apos;DESKTOP-S0IV8SP&apos;, ip: &apos;192.168.0.102&apos;, os.name: &apos;Windows 10&apos;, os.arch: &apos;amd64&apos;, os.version: &apos;10.0&apos;, java.version: &apos;1.8.0_281&apos;
Driver info: org.openqa.selenium.chrome.ChromeDriver
Capabilities {acceptInsecureCerts: false, browserName: chrome, browserVersion: 92.0.4515.131, chrome: {chromedriverVersion: 92.0.4515.43 (8c61b7e2989f2..., userDataDir: C:\Users\LENOVO\AppData\Loc...}, goog:chromeOptions: {debuggerAddress: localhost:55354}, javascriptEnabled: true, networkConnectionEnabled: false, pageLoadStrategy: normal, platform: WINDOWS, platformName: WINDOWS, proxy: Proxy(), setWindowRect: true, strictFileInteractability: false, timeouts: {implicit: 0, pageLoad: 300000, script: 30000}, unhandledPromptBehavior: dismiss and notify, webauthn:extension:credBlob: true, webauthn:extension:largeBlob: true, webauthn:virtualAuthenticators: true}
Session ID: 982f9c64536979f68017f57490a76090
*** Element info: {Using=xpath, value=//input[@type=&apos;search&apos;]}
	at org.openqa.selenium.remote.http.W3CHttpResponseCodec.createException(W3CHttpResponseCodec.java:187)
	at org.openqa.selenium.remote.http.W3CHttpResponseCodec.decode(W3CHttpResponseCodec.java:122)
	at org.openqa.selenium.remote.http.W3CHttpResponseCodec.decode(W3CHttpResponseCodec.java:49)
	at org.openqa.selenium.remote.HttpCommandExecutor.execute(HttpCommandExecutor.java:158)
	at org.openqa.selenium.remote.service.DriverCommandExecutor.execute(DriverCommandExecutor.java:83)
	at org.openqa.selenium.remote.RemoteWebDriver.execute(RemoteWebDriver.java:552)
	at org.openqa.selenium.remote.RemoteWebDriver.findElement(RemoteWebDriver.java:323)
	at org.openqa.selenium.remote.RemoteWebDriver.findElementByXPath(RemoteWebDriver.java:428)
	at org.openqa.selenium.By$ByXPath.findElement(By.java:353)
	at org.openqa.selenium.remote.RemoteWebDriver.findElement(RemoteWebDriver.java:315)
	at pageObject.HomePage.getSearch(HomePage.java:16)
	at stepDefination.SeleniumPracticeStepDefinitation.user_serach_for_vegitable(SeleniumPracticeStepDefinitation.java:28)
	at ?.User serach for &quot;Brinjal&quot; vegitable(file:///C:/Users/LENOVO/cucumber-learning/automation/src/test/java/features/SeleniumPractice.feature:14)
... Removed 4 stack frames</pre></div><a href='#' onClick='toggleBox("stack-trace404036116", this, "Click to show all stack frames", "Click to hide stack frames")'>Click to show all stack frames</a>
<div class='stack-trace' id='stack-trace404036116'><pre>org.openqa.selenium.WebDriverException: chrome not reachable
  (Session info: chrome=92.0.4515.131)
Build info: version: &apos;3.141.59&apos;, revision: &apos;e82be7d358&apos;, time: &apos;2018-11-14T08:17:03&apos;
System info: host: &apos;DESKTOP-S0IV8SP&apos;, ip: &apos;192.168.0.102&apos;, os.name: &apos;Windows 10&apos;, os.arch: &apos;amd64&apos;, os.version: &apos;10.0&apos;, java.version: &apos;1.8.0_281&apos;
Driver info: org.openqa.selenium.chrome.ChromeDriver
Capabilities {acceptInsecureCerts: false, browserName: chrome, browserVersion: 92.0.4515.131, chrome: {chromedriverVersion: 92.0.4515.43 (8c61b7e2989f2..., userDataDir: C:\Users\LENOVO\AppData\Loc...}, goog:chromeOptions: {debuggerAddress: localhost:55354}, javascriptEnabled: true, networkConnectionEnabled: false, pageLoadStrategy: normal, platform: WINDOWS, platformName: WINDOWS, proxy: Proxy(), setWindowRect: true, strictFileInteractability: false, timeouts: {implicit: 0, pageLoad: 300000, script: 30000}, unhandledPromptBehavior: dismiss and notify, webauthn:extension:credBlob: true, webauthn:extension:largeBlob: true, webauthn:virtualAuthenticators: true}
Session ID: 982f9c64536979f68017f57490a76090
*** Element info: {Using=xpath, value=//input[@type=&apos;search&apos;]}
	at sun.reflect.NativeConstructorAccessorImpl.newInstance0(Native Method)
	at sun.reflect.NativeConstructorAccessorImpl.newInstance(NativeConstructorAccessorImpl.java:62)
	at sun.reflect.DelegatingConstructorAccessorImpl.newInstance(DelegatingConstructorAccessorImpl.java:45)
	at java.lang.reflect.Constructor.newInstance(Constructor.java:423)
	at org.openqa.selenium.remote.http.W3CHttpResponseCodec.createException(W3CHttpResponseCodec.java:187)
	at org.openqa.selenium.remote.http.W3CHttpResponseCodec.decode(W3CHttpResponseCodec.java:122)
	at org.openqa.selenium.remote.http.W3CHttpResponseCodec.decode(W3CHttpResponseCodec.java:49)
	at org.openqa.selenium.remote.HttpCommandExecutor.execute(HttpCommandExecutor.java:158)
	at org.openqa.selenium.remote.service.DriverCommandExecutor.execute(DriverCommandExecutor.java:83)
	at org.openqa.selenium.remote.RemoteWebDriver.execute(RemoteWebDriver.java:552)
	at org.openqa.selenium.remote.RemoteWebDriver.findElement(RemoteWebDriver.java:323)
	at org.openqa.selenium.remote.RemoteWebDriver.findElementByXPath(RemoteWebDriver.java:428)
	at org.openqa.selenium.By$ByXPath.findElement(By.java:353)
	at org.openqa.selenium.remote.RemoteWebDriver.findElement(RemoteWebDriver.java:315)
	at pageObject.HomePage.getSearch(HomePage.java:16)
	at stepDefination.SeleniumPracticeStepDefinitation.user_serach_for_vegitable(SeleniumPracticeStepDefinitation.java:28)
	at ?.User serach for &quot;Brinjal&quot; vegitable(file:///C:/Users/LENOVO/cucumber-learning/automation/src/test/java/features/SeleniumPractice.feature:14)
</pre></div></td>
<td>11</td>
<td>cucumberRunner.TestNGRunner@694e1548</td></tr>
</table><p>
<table width='100%' border='1' class='invocation-passed'>
<tr><td colspan='4' align='center'><b>PASSED TESTS</b></td></tr>
<tr><td><b>Test method</b></td>
<td width="30%"><b>Exception</b></td>
<td width="10%"><b>Time (seconds)</b></td>
<td><b>Instance</b></td>
</tr>
<tr>
<td title='cucumberRunner.TestNGRunner.runScenario()'><b>runScenario</b><br>Test class: cucumberRunner.TestNGRunner<br>Test method: Runs Cucumber Scenarios<br>Parameters: "Home page default login", "Optional[application login]"</td>
<td></td>
<td>0</td>
<td>cucumberRunner.TestNGRunner@694e1548</td></tr>
<tr>
<td title='cucumberRunner.TestNGRunner.runScenario()'><b>runScenario</b><br>Test class: cucumberRunner.TestNGRunner<br>Test method: Runs Cucumber Scenarios<br>Parameters: "Home page default login", "Optional[application login]"</td>
<td></td>
<td>0</td>
<td>cucumberRunner.TestNGRunner@694e1548</td></tr>
<tr>
<td title='cucumberRunner.TestNGRunner.runScenario()'><b>runScenario</b><br>Test class: cucumberRunner.TestNGRunner<br>Test method: Runs Cucumber Scenarios<br>Parameters: "Web test Home page default login", "Optional[web application login]"</td>
<td></td>
<td>0</td>
<td>cucumberRunner.TestNGRunner@694e1548</td></tr>
<tr>
<td title='cucumberRunner.TestNGRunner.runScenario()'><b>runScenario</b><br>Test class: cucumberRunner.TestNGRunner<br>Test method: Runs Cucumber Scenarios<br>Parameters: "Web test Home page default login", "Optional[web application login]"</td>
<td></td>
<td>0</td>
<td>cucumberRunner.TestNGRunner@694e1548</td></tr>
<tr>
<td title='cucumberRunner.TestNGRunner.runScenario()'><b>runScenario</b><br>Test class: cucumberRunner.TestNGRunner<br>Test method: Runs Cucumber Scenarios<br>Parameters: "Mobile test Home page default login", "Optional[application login]"</td>
<td></td>
<td>0</td>
<td>cucumberRunner.TestNGRunner@694e1548</td></tr>
<tr>
<td title='cucumberRunner.TestNGRunner.runScenario()'><b>runScenario</b><br>Test class: cucumberRunner.TestNGRunner<br>Test method: Runs Cucumber Scenarios<br>Parameters: "Search for items and validate result", "Optional[Search and place order of vegitables]"</td>
<td></td>
<td>14</td>
<td>cucumberRunner.TestNGRunner@694e1548</td></tr>
<tr>
<td title='cucumberRunner.TestNGRunner.runScenario()'><b>runScenario</b><br>Test class: cucumberRunner.TestNGRunner<br>Test method: Runs Cucumber Scenarios<br>Parameters: "Home page default login", "Optional[application login]"</td>
<td></td>
<td>0</td>
<td>cucumberRunner.TestNGRunner@694e1548</td></tr>
<tr>
<td title='cucumberRunner.TestNGRunner.runScenario()'><b>runScenario</b><br>Test class: cucumberRunner.TestNGRunner<br>Test method: Runs Cucumber Scenarios<br>Parameters: "Home page default login", "Optional[application login]"</td>
<td></td>
<td>0</td>
<td>cucumberRunner.TestNGRunner@694e1548</td></tr>
<tr>
<td title='cucumberRunner.TestNGRunner.runScenario()'><b>runScenario</b><br>Test class: cucumberRunner.TestNGRunner<br>Test method: Runs Cucumber Scenarios<br>Parameters: "Home page default login", "Optional[application login]"</td>
<td></td>
<td>0</td>
<td>cucumberRunner.TestNGRunner@694e1548</td></tr>
<tr>
<td title='cucumberRunner.TestNGRunner.runScenario()'><b>runScenario</b><br>Test class: cucumberRunner.TestNGRunner<br>Test method: Runs Cucumber Scenarios<br>Parameters: "Home page default login", "Optional[application login]"</td>
<td></td>
<td>0</td>
<td>cucumberRunner.TestNGRunner@694e1548</td></tr>
<tr>
<td title='cucumberRunner.TestNGRunner.runScenario()'><b>runScenario</b><br>Test class: cucumberRunner.TestNGRunner<br>Test method: Runs Cucumber Scenarios<br>Parameters: "Home page default login", "Optional[application login]"</td>
<td></td>
<td>0</td>
<td>cucumberRunner.TestNGRunner@694e1548</td></tr>
<tr>
<td title='cucumberRunner.TestNGRunner.runScenario()'><b>runScenario</b><br>Test class: cucumberRunner.TestNGRunner<br>Test method: Runs Cucumber Scenarios<br>Parameters: "Mobile test Home page default login", "Optional[application login]"</td>
<td></td>
<td>0</td>
<td>cucumberRunner.TestNGRunner@694e1548</td></tr>
<tr>
<td title='cucumberRunner.TestNGRunner.runScenario()'><b>runScenario</b><br>Test class: cucumberRunner.TestNGRunner<br>Test method: Runs Cucumber Scenarios<br>Parameters: "Mobile test Home page default login", "Optional[application login]"</td>
<td></td>
<td>0</td>
<td>cucumberRunner.TestNGRunner@694e1548</td></tr>
</table><p>
</body>
</html>