<?xml version="1.0" encoding="UTF-8"?>
<!-- Generated by org.testng.reporters.JUnitReportReporter -->
<testsuite skipped="0" hostname="DESKTOP-S0IV8SP" name="cucumberRunner.TestNGRunner" tests="14" failures="0" timestamp="2021-08-10T21:44:14 IST" time="25.543" errors="1">
  <testcase name="runScenario" time="0.012" classname="cucumberRunner.TestNGRunner"/>
  <system-out/>
  <testcase name="runScenario" time="0.019" classname="cucumberRunner.TestNGRunner"/>
  <system-out/>
  <testcase name="runScenario" time="0.031" classname="cucumberRunner.TestNGRunner"/>
  <system-out/>
  <testcase name="runScenario" time="11.140" classname="cucumberRunner.TestNGRunner">
    <error type="org.openqa.selenium.WebDriverException" message="chrome not reachable
  (Session info: chrome=92.0.4515.131)
Build info: version: &#039;3.141.59&#039;, revision: &#039;e82be7d358&#039;, time: &#039;2018-11-14T08:17:03&#039;
System info: host: &#039;DESKTOP-S0IV8SP&#039;, ip: &#039;192.168.0.102&#039;, os.name: &#039;Windows 10&#039;, os.arch: &#039;amd64&#039;, os.version: &#039;10.0&#039;, java.version: &#039;1.8.0_281&#039;
Driver info: org.openqa.selenium.chrome.ChromeDriver
Capabilities {acceptInsecureCerts: false, browserName: chrome, browserVersion: 92.0.4515.131, chrome: {chromedriverVersion: 92.0.4515.43 (8c61b7e2989f2..., userDataDir: C:\Users\LENOVO\AppData\Loc...}, goog:chromeOptions: {debuggerAddress: localhost:55354}, javascriptEnabled: true, networkConnectionEnabled: false, pageLoadStrategy: normal, platform: WINDOWS, platformName: WINDOWS, proxy: Proxy(), setWindowRect: true, strictFileInteractability: false, timeouts: {implicit: 0, pageLoad: 300000, script: 30000}, unhandledPromptBehavior: dismiss and notify, webauthn:extension:credBlob: true, webauthn:extension:largeBlob: true, webauthn:virtualAuthenticators: true}
Session ID: 982f9c64536979f68017f57490a76090
*** Element info: {Using=xpath, value=//input[@type=&#039;search&#039;]}">
      <![CDATA[org.openqa.selenium.WebDriverException: chrome not reachable
  (Session info: chrome=92.0.4515.131)
Build info: version: '3.141.59', revision: 'e82be7d358', time: '2018-11-14T08:17:03'
System info: host: 'DESKTOP-S0IV8SP', ip: '192.168.0.102', os.name: 'Windows 10', os.arch: 'amd64', os.version: '10.0', java.version: '1.8.0_281'
Driver info: org.openqa.selenium.chrome.ChromeDriver
Capabilities {acceptInsecureCerts: false, browserName: chrome, browserVersion: 92.0.4515.131, chrome: {chromedriverVersion: 92.0.4515.43 (8c61b7e2989f2..., userDataDir: C:\Users\LENOVO\AppData\Loc...}, goog:chromeOptions: {debuggerAddress: localhost:55354}, javascriptEnabled: true, networkConnectionEnabled: false, pageLoadStrategy: normal, platform: WINDOWS, platformName: WINDOWS, proxy: Proxy(), setWindowRect: true, strictFileInteractability: false, timeouts: {implicit: 0, pageLoad: 300000, script: 30000}, unhandledPromptBehavior: dismiss and notify, webauthn:extension:credBlob: true, webauthn:extension:largeBlob: true, webauthn:virtualAuthenticators: true}
Session ID: 982f9c64536979f68017f57490a76090
*** Element info: {Using=xpath, value=//input[@type='search']}
at sun.reflect.NativeConstructorAccessorImpl.newInstance0(Native Method)
at sun.reflect.NativeConstructorAccessorImpl.newInstance(NativeConstructorAccessorImpl.java:62)
at sun.reflect.DelegatingConstructorAccessorImpl.newInstance(DelegatingConstructorAccessorImpl.java:45)
at java.lang.reflect.Constructor.newInstance(Constructor.java:423)
at org.openqa.selenium.remote.http.W3CHttpResponseCodec.createException(W3CHttpResponseCodec.java:187)
at org.openqa.selenium.remote.http.W3CHttpResponseCodec.decode(W3CHttpResponseCodec.java:122)
at org.openqa.selenium.remote.http.W3CHttpResponseCodec.decode(W3CHttpResponseCodec.java:49)
at org.openqa.selenium.remote.HttpCommandExecutor.execute(HttpCommandExecutor.java:158)
at org.openqa.selenium.remote.service.DriverCommandExecutor.execute(DriverCommandExecutor.java:83)
at org.openqa.selenium.remote.RemoteWebDriver.execute(RemoteWebDriver.java:552)
at org.openqa.selenium.remote.RemoteWebDriver.findElement(RemoteWebDriver.java:323)
at org.openqa.selenium.remote.RemoteWebDriver.findElementByXPath(RemoteWebDriver.java:428)
at org.openqa.selenium.By$ByXPath.findElement(By.java:353)
at org.openqa.selenium.remote.RemoteWebDriver.findElement(RemoteWebDriver.java:315)
at pageObject.HomePage.getSearch(HomePage.java:16)
at stepDefination.SeleniumPracticeStepDefinitation.user_serach_for_vegitable(SeleniumPracticeStepDefinitation.java:28)
at âœ½.User serach for "Brinjal" vegitable(file:///C:/Users/LENOVO/cucumber-learning/automation/src/test/java/features/SeleniumPractice.feature:14)
]]>
    </error>
  </testcase> <!-- runScenario -->
  <system-out/>
  <testcase name="runScenario" time="0.023" classname="cucumberRunner.TestNGRunner"/>
  <system-out/>
  <testcase name="runScenario" time="0.022" classname="cucumberRunner.TestNGRunner"/>
  <system-out/>
  <testcase name="runScenario" time="14.017" classname="cucumberRunner.TestNGRunner"/>
  <system-out/>
  <testcase name="runScenario" time="0.017" classname="cucumberRunner.TestNGRunner"/>
  <system-out/>
  <testcase name="runScenario" time="0.016" classname="cucumberRunner.TestNGRunner"/>
  <system-out/>
  <testcase name="runScenario" time="0.030" classname="cucumberRunner.TestNGRunner"/>
  <system-out/>
  <testcase name="runScenario" time="0.008" classname="cucumberRunner.TestNGRunner"/>
  <system-out/>
  <testcase name="runScenario" time="0.181" classname="cucumberRunner.TestNGRunner"/>
  <system-out/>
  <testcase name="runScenario" time="0.013" classname="cucumberRunner.TestNGRunner"/>
  <system-out/>
  <testcase name="runScenario" time="0.014" classname="cucumberRunner.TestNGRunner"/>
  <system-out/>
</testsuite> <!-- cucumberRunner.TestNGRunner -->
